<?xml version="1.0" encoding="UTF-8"?>
<!-- Generated by org.testng.reporters.JUnitXMLReporter -->
<testsuite hostname="U6043473-TPL-A" ignored="0" name="ff test" tests="3" failures="0" timestamp="24 Apr 2018 15:28:44 GMT" time="0.167" errors="0">
  <testcase name="@BeforeMethod launchBrowser" time="0.12" classname="seleniumprograms.BaseClass">
    <failure type="java.lang.IllegalStateException" message="The path to the driver executable must be set by the webdriver.gecko.driver system property; for more information, see https://github.com/mozilla/geckodriver. The latest version can be downloaded from https://github.com/mozilla/geckodriver/releases">
      <![CDATA[java.lang.IllegalStateException: The path to the driver executable must be set by the webdriver.gecko.driver system property; for more information, see https://github.com/mozilla/geckodriver. The latest version can be downloaded from https://github.com/mozilla/geckodriver/releases
	at com.google.common.base.Preconditions.checkState(Preconditions.java:847)
	at org.openqa.selenium.remote.service.DriverService.findExecutable(DriverService.java:124)
	at org.openqa.selenium.firefox.GeckoDriverService.access$100(GeckoDriverService.java:41)
	at org.openqa.selenium.firefox.GeckoDriverService$Builder.findDefaultExecutable(GeckoDriverService.java:141)
	at org.openqa.selenium.remote.service.DriverService$Builder.build(DriverService.java:339)
	at org.openqa.selenium.firefox.FirefoxDriver.toExecutor(FirefoxDriver.java:158)
	at org.openqa.selenium.firefox.FirefoxDriver.<init>(FirefoxDriver.java:120)
	at org.openqa.selenium.firefox.FirefoxDriver.<init>(FirefoxDriver.java:98)
	at seleniumprograms.BaseClass.launchBrowser(BaseClass.java:58)
	at java.util.concurrent.FutureTask.run(Unknown Source)
	at java.util.concurrent.ThreadPoolExecutor.runWorker(Unknown Source)
	at java.util.concurrent.ThreadPoolExecutor$Worker.run(Unknown Source)
	at java.lang.Thread.run(Unknown Source)
... Removed 18 stack frames]]>
    </failure>
  </testcase> <!-- @BeforeMethod launchBrowser -->
  <testcase name="@BeforeMethod launchBrowser" time="0.0" classname="seleniumprograms.BaseClass">
    <skipped/>
  </testcase> <!-- @BeforeMethod launchBrowser -->
  <testcase name="@BeforeMethod launchBrowser" time="0.0" classname="seleniumprograms.BaseClass">
    <skipped/>
  </testcase> <!-- @BeforeMethod launchBrowser -->
  <testcase name="navigateMethods" time="0.001" classname="seleniumprograms.BaseClass">
    <skipped/>
  </testcase> <!-- navigateMethods -->
  <testcase name="readConfigFile" time="0.0" classname="seleniumprograms.BaseClass">
    <skipped/>
  </testcase> <!-- readConfigFile -->
  <testcase name="resizeWindow" time="0.0" classname="seleniumprograms.BaseClass">
    <skipped/>
  </testcase> <!-- resizeWindow -->
</testsuite> <!-- ff test -->
